<?xml version="1.0" encoding="UTF-8"?>
<!-- Generated by org.testng.reporters.JUnitReportReporter -->
<testsuite hostname="BOOK-P0O1IG8UK3" failures="0" tests="1" name="com.qa.testCases.TestBanking" time="1.357" errors="0" timestamp="2023-01-03T15:01:27 EST" skipped="0">
  <testcase classname="com.qa.testCases.TestBanking" name="openBankSite" time="1.357"/>
  <system-out/>
</testsuite> <!-- com.qa.testCases.TestBanking -->
